jplejacq@quoininc.com
martin@piware.de
umac-64@openssh.com
ajt@debian.org
gunnarhj@ubuntu.com
shaunm@gnome.org
pdewacht@gmail.com
frank@debian.org
hmh@debian.org
dave@mielke.cc
samuel.thibault@ens-lyon.org
dave@mielke.cc
samuel.thibault@ens-lyon.org
dave@mielke.cc
dave@mielke.cc
samuel.thibault@ens-lyon.org
dave@mielke.cc
samuel.thibault@ens-lyon.org
dave@mielke.cc
dave@mielke.cc
samuel.thibault@ens-lyon.org
dave@mielke.cc
nico@fluxnic.net
dave@mielke.cc
coscell@gmail.com
dave@mielke.cc
samuel.thibault@ens-lyon.org
dave@mielke.cc
samuel.thibault@ens-lyon.org
dave@mielke.cc
samuel.thibault@ens-lyon.org
dave@mielke.cc
samuel.thibault@ens-lyon.org
dave@mielke.cc
mick@kulgan.net
dave@mielke.cc
dave@mielke.cc
samuel.thibault@ens-lyon.org
dave@mielke.cc
samuel.thibault@ens-lyon.org
dave@mielke.cc
dave@mielke.cc
samuel.thibault@ens-lyon.org
dave@mielke.cc
mlang@delysid.org
dave@mielke.cc
samuel.thibault@ens-lyon.org
dave@mielke.cc
director@chpi.org
dave@mielke.cc
mlang@delysid.org
dave@mielke.cc
dave@mielke.cc
samuel.thibault@ens-lyon.org
dave@mielke.cc
samuel.thibault@ens-lyon.org
dave@mielke.cc
nico@fluxnic.net
dave@mielke.cc
samuel.thibault@ens-lyon.org
dave@mielke.cc
mlang@delysid.org
dave@mielke.cc
samuel.thibault@ens-lyon.org
dave@mielke.cc
billh@gnome.org
samuel.thibault@ens-lyon.org
dave@mielke.cc
samuel.thibault@ens-lyon.org
dave@mielke.cc
dave@mielke.cc
dave@mielke.cc
dave@mielke.cc
dave@mielke.cc
dave@mielke.cc
dave@mielke.cc
dave@mielke.cc
dave@mielke.cc
dave@mielke.cc
dave@mielke.cc
director@chpi.org
Leon.Ungier@ViewPlus.com
mramadan@nattiq.com
samuel.thibault@ens-lyon.org
dave@mielke.cc
dave@mielke.cc
dave@mielke.cc
dave@mielke.cc
director@chpi.org
Leon.Ungier@ViewPlus.com
mramadan@nattiq.com
samuel.thibault@ens-lyon.org
dave@mielke.cc
dave@mielke.cc
dave@mielke.cc
dave@mielke.cc
Sebastien.Hinderer@ens-lyon.org
dave@mielke.cc
Leon.Ungier@ViewPlus.com
eric@integra-belgium.com
samuel.thibault@ens-lyon.org
dave@mielke.cc
dave@mielke.cc
dave@mielke.cc
samuel.thibault@ens-lyon.org
dave@mielke.cc
dave@mielke.cc
dave@mielke.cc
dave@mielke.cc
dave@mielke.cc
dave@mielke.cc
dave@mielke.cc
dave@mielke.cc
dave@mielke.cc
director@chpi.org
Leon.Ungier@ViewPlus.com
mramadan@nattiq.com
samuel.thibault@ens-lyon.org
dave@mielke.cc
dave@mielke.cc
director@chpi.org
Leon.Ungier@ViewPlus.com
mramadan@nattiq.com
samuel.thibault@ens-lyon.org
dave@mielke.cc
director@chpi.org
Leon.Ungier@ViewPlus.com
mramadan@nattiq.com
samuel.thibault@ens-lyon.org
dave@mielke.cc
dave@mielke.cc
dave@mielke.cc
dave@mielke.cc
dave@mielke.cc
dave@mielke.cc
dave@mielke.cc
dave@mielke.cc
dave@mielke.cc
dave@mielke.cc
dave@mielke.cc
dave@mielke.cc
dave@mielke.cc
dave@mielke.cc
mike.sivill@viewplus.com
samuel.thibault@ens-lyon.org
dave@mielke.cc
buchal@brailcom.org
dave@mielke.cc
samuel.thibault@ens-lyon.org
birkir@midstod.is
dave@mielke.cc
samuel.thibault@ens-lyon.org
dave@mielke.cc
samuel.thibault@ens-lyon.org
dave@mielke.cc
dave@mielke.cc
dave@mielke.cc
director@chpi.org
Leon.Ungier@ViewPlus.com
mramadan@nattiq.com
samuel.thibault@ens-lyon.org
dave@mielke.cc
director@chpi.org
Leon.Ungier@ViewPlus.com
mramadan@nattiq.com
samuel.thibault@ens-lyon.org
dave@mielke.cc
samuel.thibault@ens-lyon.org
dave@mielke.cc
dave@mielke.cc
dave@mielke.cc
dave@mielke.cc
dave@mielke.cc
director@chpi.org
Leon.Ungier@ViewPlus.com
mramadan@nattiq.com
samuel.thibault@ens-lyon.org
dave@mielke.cc
dave@mielke.cc
dave@mielke.cc
dave@mielke.cc
dave@mielke.cc
dave@mielke.cc
samuel.thibault@ens-lyon.org
dave@mielke.cc
dave@mielke.cc
dave@mielke.cc
Sebastien.Hinderer@ens-lyon.org
dave@mielke.cc
dave@mielke.cc
dave@mielke.cc
dave@mielke.cc
dave@mielke.cc
dave@mielke.cc
dave@mielke.cc
dave@mielke.cc
sable@users.sourceforge.net
samuel.thibault@ens-lyon.org
dave@mielke.cc
Leon.Ungier@ViewPlus.com
samuel.thibault@ens-lyon.org
dave@mielke.cc
dave@mielke.cc
dave@mielke.cc
dave@mielke.cc
dave@mielke.cc
dave@mielke.cc
dave@mielke.cc
dave@mielke.cc
dave@mielke.cc
dave@mielke.cc
samuel.thibault@ens-lyon.org
dave@mielke.cc
samuel.thibault@ens-lyon.org
dave@mielke.cc
dave@mielke.cc
dave@mielke.cc
samuel.thibault@ens-lyon.org
dave@mielke.cc
chlor@schou.dk
dave@mielke.cc
dave@mielke.cc
dave@mielke.cc
dave@mielke.cc
samuel.thibault@ens-lyon.org
dave@mielke.cc
dave@mielke.cc
dave@mielke.cc
dave@mielke.cc
samuel.thibault@ens-lyon.org
torma.zsolt@infoalap.hu
dave@mielke.cc
dave@mielke.cc
dave@mielke.cc
dave@mielke.cc
dave@mielke.cc
dave@mielke.cc
dave@mielke.cc
dave@mielke.cc
dave@mielke.cc
dave@mielke.cc
sable@users.sourceforge.net
samuel.thibault@ens-lyon.org
dave@mielke.cc
samuel.thibault@ens-lyon.org
dave@mielke.cc
samuel.thibault@ens-lyon.org
dave@mielke.cc
dave@mielke.cc
dave@mielke.cc
Leon.Ungier@ViewPlus.com
samuel.thibault@ens-lyon.org
dave@mielke.cc
samuel.thibault@ens-lyon.org
esperanto-muzeo@wanadoo.fr
dave@mielke.cc
adikushnir@gmail.com
dave@mielke.cc
director@chpi.org
Leon.Ungier@ViewPlus.com
mramadan@nattiq.com
samuel.thibault@ens-lyon.org
dave@mielke.cc
director@chpi.org
Leon.Ungier@ViewPlus.com
mramadan@nattiq.com
samuel.thibault@ens-lyon.org
dave@mielke.cc
dave@mielke.cc
dave@mielke.cc
director@chpi.org
Leon.Ungier@ViewPlus.com
mramadan@nattiq.com
samuel.thibault@ens-lyon.org
dave@mielke.cc
dave@mielke.cc
dave@mielke.cc
dave@mielke.cc
Leon.Ungier@ViewPlus.com
samuel.thibault@ens-lyon.org
dave@mielke.cc
samuel.thibault@ens-lyon.org
dave@mielke.cc
dave@mielke.cc
dave@mielke.cc
dave@mielke.cc
dave@mielke.cc
dave@mielke.cc
dave@mielke.cc
dave@mielke.cc
dave@mielke.cc
dave@mielke.cc
dave@mielke.cc
dave@mielke.cc
dave@mielke.cc
dave@mielke.cc
dave@mielke.cc
dave@mielke.cc
dave@mielke.cc
dave@mielke.cc
dave@mielke.cc
dave@mielke.cc
dave@mielke.cc
dave@mielke.cc
dave@mielke.cc
dave@mielke.cc
dave@mielke.cc
dave@mielke.cc
dave@mielke.cc
dave@mielke.cc
dave@mielke.cc
dave@mielke.cc
dave@mielke.cc
dave@mielke.cc
dave@mielke.cc
dave@mielke.cc
dave@mielke.cc
dave@mielke.cc
dave@mielke.cc
dave@mielke.cc
dave@mielke.cc
dave@mielke.cc
dave@mielke.cc
dave@mielke.cc
dave@mielke.cc
dave@mielke.cc
dave@mielke.cc
dave@mielke.cc
dave@mielke.cc
dave@mielke.cc
dave@mielke.cc
dave@mielke.cc
dave@mielke.cc
dave@mielke.cc
dave@mielke.cc
dave@mielke.cc
dave@mielke.cc
dave@mielke.cc
dave@mielke.cc
dave@mielke.cc
dave@mielke.cc
dave@mielke.cc
dave@mielke.cc
dave@mielke.cc
dave@mielke.cc
dave@mielke.cc
dave@mielke.cc
dave@mielke.cc
dave@mielke.cc
dave@mielke.cc
dave@mielke.cc
dave@mielke.cc
dave@mielke.cc
dave@mielke.cc
dave@mielke.cc
dave@mielke.cc
dave@mielke.cc
dave@mielke.cc
dave@mielke.cc
dave@mielke.cc
dave@mielke.cc
dave@mielke.cc
dave@mielke.cc
dave@mielke.cc
dave@mielke.cc
dave@mielke.cc
dave@mielke.cc
dave@mielke.cc
dave@mielke.cc
dave@mielke.cc
dave@mielke.cc
dave@mielke.cc
dave@mielke.cc
dave@mielke.cc
dave@mielke.cc
dave@mielke.cc
dave@mielke.cc
dave@mielke.cc
dave@mielke.cc
dave@mielke.cc
dave@mielke.cc
dave@mielke.cc
dave@mielke.cc
dave@mielke.cc
dave@mielke.cc
dave@mielke.cc
dave@mielke.cc
dave@mielke.cc
dave@mielke.cc
dave@mielke.cc
dave@mielke.cc
dave@mielke.cc
dave@mielke.cc
dave@mielke.cc
dave@mielke.cc
dave@mielke.cc
dave@mielke.cc
dave@mielke.cc
dave@mielke.cc
dave@mielke.cc
dave@mielke.cc
dave@mielke.cc
dave@mielke.cc
dave@mielke.cc
dave@mielke.cc
dave@mielke.cc
dave@mielke.cc
dave@mielke.cc
dave@mielke.cc
dave@mielke.cc
dave@mielke.cc
dave@mielke.cc
dave@mielke.cc
dave@mielke.cc
dave@mielke.cc
dave@mielke.cc
dave@mielke.cc
dave@mielke.cc
dave@mielke.cc
dave@mielke.cc
dave@mielke.cc
dave@mielke.cc
dave@mielke.cc
dave@mielke.cc
dave@mielke.cc
dave@mielke.cc
dave@mielke.cc
dave@mielke.cc
dave@mielke.cc
dave@mielke.cc
dave@mielke.cc
dave@mielke.cc
dave@mielke.cc
dave@mielke.cc
dave@mielke.cc
dave@mielke.cc
dave@mielke.cc
dave@mielke.cc
dave@mielke.cc
dave@mielke.cc
dave@mielke.cc
dave@mielke.cc
dave@mielke.cc
dave@mielke.cc
dave@mielke.cc
dave@mielke.cc
dave@mielke.cc
dave@mielke.cc
dave@mielke.cc
dave@mielke.cc
dave@mielke.cc
dave@mielke.cc
dave@mielke.cc
dave@mielke.cc
dave@mielke.cc
dave@mielke.cc
dave@mielke.cc
dave@mielke.cc
dave@mielke.cc
dave@mielke.cc
dave@mielke.cc
dave@mielke.cc
dave@mielke.cc
dave@mielke.cc
dave@mielke.cc
dave@mielke.cc
dave@mielke.cc
dave@mielke.cc
dave@mielke.cc
dave@mielke.cc
dave@mielke.cc
dave@mielke.cc
dave@mielke.cc
yan@mistigri.org
dave@mielke.cc
dave@mielke.cc
dave@mielke.cc
dave@mielke.cc
dave@mielke.cc
dave@mielke.cc
dave@mielke.cc
dave@mielke.cc
dave@mielke.cc
dave@mielke.cc
dave@mielke.cc
dave@mielke.cc
dave@mielke.cc
dave@mielke.cc
dave@mielke.cc
dave@mielke.cc
dave@mielke.cc
username@site.domain
osamu@debian.org
aron@debian.org
debian-x@lists.debian.org
kurtz.alex@googlemail.com
jmknoble@mercury.interpath.net
alvar@meiko.co.uk
clameter@debian.org
Sergio.Gelato@astro.su.se
jtang@tresys.com
speechd@freebsoft.org
and1000@debian.org
gunnarhj@ubuntu.com
biebl@debian.org
miquels@cistron.nl
hmh@rcm.org.br
rleigh@debian.org
tytso@mit.edu
walters@debian.org
sjoerd@debian.org
debian-printing@lists.debian.org
steve.beattie@canonical.com
kees@ubuntu.com
rmurray@debian.org
Elrond@Wunder-Nett.org
bigon@debian.org
ejad@debian.org
filippo@debian.org
iwamatsu@debian.org
dave@mielke.cc
kel@otaku42.de
pkg-wpa-devel@lists.alioth.debian.org
pkg-wpa-devel@lists.alioth.debian.org
ben.howard@canonical.com
adconrad@canonical.com
apw@canonical.com
Frederic.Lepied@sugix.frmug.org
Frederic.Lepied@sugix.frmug.org
eichin@kitten.gen.ma.us
rafael@debian.org
agmartin@debian.org
user@example.com
icons-64x64@2.tar
icons-128x128@2.tar
kirkland@canonical.com
kirkland@canonical.com
kirkland@canonical.com
brian@canonical.com
license@farsiweb.info
mike@piratehaven.org
jon@jon.demon.co.uk
slurp@inktomi.com
slurp@inktomi.com
vertical-crawl-support@yahoo-inc.com
crawler@exactseek.com
nhnbot@naver.com
bot@bot.bot
info@domaincrawler.com
lorkyll@444.net
support@meta-spinner.de
AlgoFeedback@miva.com
crawl@kyluka.com
andreas.heidoetting@thomson-webcast.net
crawler@pdfind.com
admin@google.com
shelob@gmx.net
tspyyp@tom.com
tspyyp@tom.com
crawler@www.fi
crawler@ah-ha.com
gazz@nttr.co.jp
knight@zook.in
noc@opendns.com
support@blogpulse.com
support@tumblr.com
graeme@inclue.com
leehyun@cs.toronto.edu
gue@cis.uni-muenchen.de
sitemonitor@dnsvr.com
BecomeBot@exava.com
Exabot@exava.com
info@netcraft.com
lluis@ximian.com
lluis@ximian.com
lluis@ximian.com
martin.pitt@ubuntu.com
bryan.quigley@canonical.com
rene@debian.org
bryan.quigley@canonical.com
rene@debian.org
danieru.dressler@gmail.com
intrigeri@boum.org
jamie@canonical.com
bryan.quigley@canonical.com
jonathan.davies@canonical.com
bryan.quigley@canonical.com
rene@debian.org
