3

S 1 _ _ -> parse _ > 1 > _ ^
S 0 _ _ -> parse _ > 0 > _ ^
S ( _ _ -> parse _ > _ ^ ( >

parse 0 _ _ -> check_for_last_a 0 ^ _ ^ _ <
parse 1 _ _ -> check_for_last_a 1 ^ _ ^ _ <
parse a _ _ -> parse _ > _ ^ a >
parse o _ _ -> parse _ > _ ^ o >
parse ( _ _ -> parse _ > _ ^ ( >
parse ) _ _ -> compress _ ^ _ < _ <

check_for_last_a 0 _ a -> calc_a 0 ^ _ < _ ^
check_for_last_a 1 _ a -> calc_a 1 ^ _ < _ ^

check_for_last_a 0 _ o -> parse _ > 0 > o >
check_for_last_a 1 _ o -> parse _ > 1 > o >

check_for_last_a 0 _ ( -> parse _ > 0 > ( >
check_for_last_a 1 _ ( -> parse _ > 1 > ( >

check_for_last_a 0 _ _ -> parse _ > 0 > _ >
check_for_last_a 1 _ _ -> parse _ > 1 > _ >


calc_a 0 0 _ -> parse _ > 0 > _ ^
calc_a 0 1 _ -> parse _ > 0 > _ ^
calc_a 1 0 _ -> parse _ > 0 > _ ^
calc_a 1 1 _ -> parse _ > 1 > _ ^

compress _ 0 ( -> check_for_last_a 0 ^ _ ^ _ <
compress _ 1 ( -> check_for_last_a 1 ^ _ ^ _ <

compress _ 0 o -> compress_or_0 _ ^ _ < o ^
compress _ 1 o -> compress_or_1 _ ^ _ < o ^

compress_or_0 _ 0 o -> compress _ ^ 0 ^ _ <
compress_or_0 _ 1 o -> compress _ ^ 1 ^ _ <
compress_or_1 _ 0 o -> compress _ ^ 1 ^ _ <
compress_or_1 _ 1 o -> compress _ ^ 1 ^ _ <

parse _ _ _ -> last_compress _ ^ _ < _ <
last_compress _ 0 o -> last_compress_or_0 _ ^ _ < o ^
last_compress _ 1 o -> last_compress_or_1 _ ^ _ < o ^

last_compress _ 0 _ -> AC 0 ^ _ ^ _ ^
last_compress _ 1 _ -> AC 1 ^ _ ^ _ ^

last_compress_or_0 _ 0 o -> last_compress _ ^ 0 ^ _ <
last_compress_or_0 _ 1 o -> last_compress _ ^ 1 ^ _ <
last_compress_or_1 _ 0 o -> last_compress _ ^ 1 ^ _ <
last_compress_or_1 _ 1 o -> last_compress _ ^ 1 ^ _ <
