2

S 0 _     -> parse _ >  0 ^
S 1 _     -> parse _ >  1 ^

parse 0 0 -> write_0 _ ^  0 >
parse 0 1 -> write_0 _ ^  1 >
parse 1 0 -> write_1 _ ^  0 >
parse 1 1 -> write_1 _ ^  1 >

write_0 _ _ -> parse _ > 0 ^
write_1 _ _ -> parse _ > 1 ^

parse a 0 -> AND 0 ^  _ <
parse a 1 -> AND 1 ^  _ <
parse o 0 -> OR  0 ^  _ <
parse o 1 -> OR  1 ^  _ <

OR 0 0 -> parse _ > 0 ^
OR 0 1 -> parse _ > 1 ^
OR 1 0 -> parse _ > 1 ^
OR 1 1 -> parse _ > 1 ^

AND 0 0 -> parse _ > 0 ^
AND 0 1 -> parse _ > 0 ^
AND 1 0 -> parse _ > 0 ^
AND 1 1 -> parse _ > 1 ^

parse _ 0 -> AC    0 ^  _ ^
parse _ 1 -> AC    1 ^  _ ^
